2026-04-15T20:10:17.8300206Z,Updating submodules.,6aee8a44-4e74-4546-9fd8-6b4ff4d5edf1,0
2026-04-15T20:10:19.2075492Z,Preparing deployment for commit id '76debc3b-1'.,e87316f5-2c70-44d0-8f49-819db77d5193,0
2026-04-15T20:10:19.8517871Z,PreDeployment: context.CleanOutputPath False,4c31b849-147c-454e-b49d-3e7bd111e1a9,0
2026-04-15T20:10:20.1619232Z,PreDeployment: context.OutputPath /home/site/wwwroot,e459fdc9-9879-4d76-95fd-8ee904e9c06b,0
2026-04-15T20:10:20.4528869Z,Generating deployment script.,57e47936-8e47-4e0c-aff8-b50a42c22a9d,0
2026-04-15T20:10:20.6651025Z,Running deployment command...,651ca284-a3e1-486c-9ecc-840aa6fb5223,0
	2026-04-15T20:10:20.6861434Z,Command: /opt/Kudu/Scripts/parallel_rsync.sh /tmp/zipdeploy/extracted /home/site/wwwroot 8 /tmp/ False True  ,,0
	2026-04-15T20:10:21.1483623Z,Run rsync from: /tmp/zipdeploy/extracted/ to: /home/site/wwwroot/ in 8 parallel threads,,0
	2026-04-15T20:10:21.3390803Z,Delete options: clean=False&comma; use manifest=True&comma; directory to ignore=,,0
	2026-04-15T20:10:21.3985466Z,Prev manifest = /home/site/deployments/88323446-731d-4541-9908-347be7b6a47a/manifest and next /home/site/deployments/76debc3b-173c-464b-a9e0-34bd10c8b71c/manifest,,0
	2026-04-15T20:10:21.5396422Z,Cleaning up /tmp//filelist.txt and /tmp//splits,,0
	2026-04-15T20:10:21.6290743Z,Creating a list of all files at /tmp//filelist.txt,,0
	2026-04-15T20:10:21.7621279Z,No directory to exclude.,,0
	2026-04-15T20:10:21.8798385Z,Created /tmp//filelist.txt. Total number of files to be synced = 6082.,,0
	2026-04-15T20:10:21.9215672Z,Created batches from the list of files. Processing 761 files in each thread,,0
	2026-04-15T20:10:22.1622186Z,Running rsync for filelist /tmp//splits/split.ab from /tmp/zipdeploy/extracted/ to /home/site/wwwroot/,,0
	2026-04-15T20:10:22.3350426Z,Running rsync for filelist /tmp//splits/split.ac from /tmp/zipdeploy/extracted/ to /home/site/wwwroot/,,0
	2026-04-15T20:10:22.5954647Z,Running rsync for filelist /tmp//splits/split.aa from /tmp/zipdeploy/extracted/ to /home/site/wwwroot/,,0
	2026-04-15T20:10:22.7767866Z,Running rsync for filelist /tmp//splits/split.ad from /tmp/zipdeploy/extracted/ to /home/site/wwwroot/,,0
	2026-04-15T20:10:23.2498336Z,Running rsync for filelist /tmp//splits/split.ae from /tmp/zipdeploy/extracted/ to /home/site/wwwroot/,,0
	2026-04-15T20:10:23.4090879Z,Running rsync for filelist /tmp//splits/split.ah from /tmp/zipdeploy/extracted/ to /home/site/wwwroot/,,0
	2026-04-15T20:10:23.8323256Z,Running rsync for filelist /tmp//splits/split.af from /tmp/zipdeploy/extracted/ to /home/site/wwwroot/,,0
	2026-04-15T20:10:24.2734327Z,Running rsync for filelist /tmp//splits/split.ag from /tmp/zipdeploy/extracted/ to /home/site/wwwroot/,,0
	2026-04-15T20:10:30.3301749Z,,,0
	2026-04-15T20:10:30.3623759Z,Number of files: 844 (reg: 761&comma; dir: 83),,0
	2026-04-15T20:10:30.3998922Z,Number of created files: 0,,0
	2026-04-15T20:10:30.4226070Z,Number of deleted files: 0,,0
	2026-04-15T20:10:30.4657169Z,Number of regular files transferred: 0,,0
	2026-04-15T20:10:30.4922140Z,Total file size: 2.11M bytes,,0
	2026-04-15T20:10:30.6138295Z,Total transferred file size: 0 bytes,,0
	2026-04-15T20:10:30.6609760Z,Literal data: 0 bytes,,0
	2026-04-15T20:10:30.7047482Z,Matched data: 0 bytes,,0
	2026-04-15T20:10:30.7540465Z,File list size: 0,,0
	2026-04-15T20:10:30.7944109Z,File list generation time: 2.804 seconds,,0
	2026-04-15T20:10:30.8427497Z,File list transfer time: 0.000 seconds,,0
	2026-04-15T20:10:30.9425161Z,Total bytes sent: 20.31K,,0
	2026-04-15T20:10:31.0334945Z,Total bytes received: 2.54K,,0
	2026-04-15T20:10:31.1954729Z,,,0
	2026-04-15T20:10:31.3463308Z,sent 20.31K bytes  received 2.54K bytes  3.52K bytes/sec,,0
	2026-04-15T20:10:31.3960153Z,total size is 2.11M  speedup is 92.51,,0
	2026-04-15T20:10:31.4563407Z,Attempt 1: Rsync for filelist /tmp//splits/split.af completed with exit code 0,,0
	2026-04-15T20:10:31.5155700Z,,,0
	2026-04-15T20:10:31.5859084Z,Number of files: 874 (reg: 761&comma; dir: 113),,0
	2026-04-15T20:10:31.6099769Z,Number of created files: 0,,0
	2026-04-15T20:10:31.6782720Z,Number of deleted files: 0,,0
	2026-04-15T20:10:31.7261499Z,Number of regular files transferred: 0,,0
	2026-04-15T20:10:31.7584049Z,Total file size: 2.18M bytes,,0
	2026-04-15T20:10:31.7902009Z,Total transferred file size: 0 bytes,,0
	2026-04-15T20:10:31.8191249Z,Literal data: 0 bytes,,0
	2026-04-15T20:10:31.8473863Z,Matched data: 0 bytes,,0
	2026-04-15T20:10:31.8980858Z,File list size: 0,,0
	2026-04-15T20:10:31.9471082Z,File list generation time: 2.423 seconds,,0
	2026-04-15T20:10:31.9790412Z,File list transfer time: 0.000 seconds,,0
	2026-04-15T20:10:32.0284434Z,Total bytes sent: 20.84K,,0
	2026-04-15T20:10:32.1476728Z,Total bytes received: 2.59K,,0
	2026-04-15T20:10:32.2292233Z,,,0
	2026-04-15T20:10:32.3295516Z,sent 20.84K bytes  received 2.59K bytes  3.12K bytes/sec,,0
	2026-04-15T20:10:32.3983712Z,total size is 2.18M  speedup is 93.13,,0
	2026-04-15T20:10:32.4400901Z,Attempt 1: Rsync for filelist /tmp//splits/split.ag completed with exit code 0,,0
	2026-04-15T20:10:32.4905583Z,,,0
	2026-04-15T20:10:32.5708178Z,Number of files: 922 (reg: 761&comma; dir: 161),,0
	2026-04-15T20:10:32.5994361Z,Number of created files: 0,,0
	2026-04-15T20:10:32.6408704Z,Number of deleted files: 0,,0
	2026-04-15T20:10:32.6901079Z,Number of regular files transferred: 1,,0
	2026-04-15T20:10:32.7216626Z,Total file size: 2.97M bytes,,0
	2026-04-15T20:10:32.7809126Z,Total transferred file size: 748 bytes,,0
	2026-04-15T20:10:32.7998984Z,Literal data: 748 bytes,,0
	2026-04-15T20:10:32.8329548Z,Matched data: 0 bytes,,0
	2026-04-15T20:10:32.9033507Z,File list size: 0,,0
	2026-04-15T20:10:32.9712245Z,File list generation time: 3.267 seconds,,0
	2026-04-15T20:10:33.0115610Z,File list transfer time: 0.000 seconds,,0
	2026-04-15T20:10:33.0532958Z,Total bytes sent: 26.78K,,0
	2026-04-15T20:10:33.1718345Z,Total bytes received: 2.74K,,0
	2026-04-15T20:10:33.2046265Z,,,0
	2026-04-15T20:10:33.2333612Z,sent 26.78K bytes  received 2.74K bytes  3.47K bytes/sec,,0
	2026-04-15T20:10:33.2639464Z,total size is 2.97M  speedup is 100.72,,0
	2026-04-15T20:10:33.3329645Z,Attempt 1: Rsync for filelist /tmp//splits/split.ab completed with exit code 0,,0
	2026-04-15T20:10:33.3834004Z,,,0
	2026-04-15T20:10:33.4337881Z,Number of files: 916 (reg: 761&comma; dir: 155),,0
	2026-04-15T20:10:33.4558448Z,Number of created files: 0,,0
	2026-04-15T20:10:33.4931696Z,Number of deleted files: 0,,0
	2026-04-15T20:10:33.5664603Z,Number of regular files transferred: 0,,0
	2026-04-15T20:10:33.6064552Z,Total file size: 3.30M bytes,,0
	2026-04-15T20:10:33.6640081Z,Total transferred file size: 0 bytes,,0
	2026-04-15T20:10:33.7042203Z,Literal data: 0 bytes,,0
	2026-04-15T20:10:33.7359069Z,Matched data: 0 bytes,,0
	2026-04-15T20:10:33.7845446Z,File list size: 0,,0
	2026-04-15T20:10:33.8166485Z,File list generation time: 3.840 seconds,,0
	2026-04-15T20:10:33.8670044Z,File list transfer time: 0.000 seconds,,0
	2026-04-15T20:10:33.9261689Z,Total bytes sent: 24.26K,,0
	2026-04-15T20:10:33.9776923Z,Total bytes received: 2.69K,,0
	2026-04-15T20:10:34.0581541Z,,,0
	2026-04-15T20:10:34.1772086Z,sent 24.26K bytes  received 2.69K bytes  3.17K bytes/sec,,0
	2026-04-15T20:10:34.2170836Z,total size is 3.30M  speedup is 122.63,,0
	2026-04-15T20:10:34.2686606Z,Attempt 1: Rsync for filelist /tmp//splits/split.ac completed with exit code 0,,0
	2026-04-15T20:10:34.3178530Z,,,0
	2026-04-15T20:10:34.3382678Z,Number of files: 914 (reg: 761&comma; dir: 153),,0
	2026-04-15T20:10:34.3876949Z,Number of created files: 0,,0
	2026-04-15T20:10:34.4192054Z,Number of deleted files: 0,,0
	2026-04-15T20:10:34.4606541Z,Number of regular files transferred: 15,,0
	2026-04-15T20:10:34.5108099Z,Total file size: 4.14M bytes,,0
	2026-04-15T20:10:34.5498250Z,Total transferred file size: 1.50M bytes,,0
	2026-04-15T20:10:34.6285406Z,Literal data: 1.50M bytes,,0
	2026-04-15T20:10:34.6888330Z,Matched data: 0 bytes,,0
	2026-04-15T20:10:34.7688979Z,File list size: 0,,0
	2026-04-15T20:10:34.8410703Z,File list generation time: 3.108 seconds,,0
	2026-04-15T20:10:34.8795049Z,File list transfer time: 0.000 seconds,,0
	2026-04-15T20:10:34.9401551Z,Total bytes sent: 173.01K,,0
	2026-04-15T20:10:34.9818721Z,Total bytes received: 2.95K,,0
	2026-04-15T20:10:35.0201938Z,,,0
	2026-04-15T20:10:35.1622777Z,sent 173.01K bytes  received 2.95K bytes  23.46K bytes/sec,,0
	2026-04-15T20:10:35.2112432Z,total size is 4.14M  speedup is 23.55,,0
	2026-04-15T20:10:35.2613485Z,Attempt 1: Rsync for filelist /tmp//splits/split.ae completed with exit code 0,,0
	2026-04-15T20:10:35.2826506Z,,,0
	2026-04-15T20:10:35.3344876Z,Number of files: 927 (reg: 761&comma; dir: 166),,0
	2026-04-15T20:10:35.3532994Z,Number of created files: 0,,0
	2026-04-15T20:10:35.3939618Z,Number of deleted files: 0,,0
	2026-04-15T20:10:35.4250089Z,Number of regular files transferred: 0,,0
	2026-04-15T20:10:35.4651664Z,Total file size: 3.27M bytes,,0
	2026-04-15T20:10:35.5135301Z,Total transferred file size: 0 bytes,,0
	2026-04-15T20:10:35.5444389Z,Literal data: 0 bytes,,0
	2026-04-15T20:10:35.5834906Z,Matched data: 0 bytes,,0
	2026-04-15T20:10:35.6638167Z,File list size: 0,,0
	2026-04-15T20:10:35.7152165Z,File list generation time: 3.237 seconds,,0
	2026-04-15T20:10:35.7641881Z,File list transfer time: 0.000 seconds,,0
	2026-04-15T20:10:35.7862895Z,Total bytes sent: 26.45K,,0
	2026-04-15T20:10:35.8358856Z,Total bytes received: 2.73K,,0
	2026-04-15T20:10:35.8678431Z,,,0
	2026-04-15T20:10:35.9171577Z,sent 26.45K bytes  received 2.73K bytes  3.43K bytes/sec,,0
	2026-04-15T20:10:35.9655017Z,total size is 3.27M  speedup is 112.09,,0
	2026-04-15T20:10:36.0175750Z,Attempt 1: Rsync for filelist /tmp//splits/split.ad completed with exit code 0,,0
	2026-04-15T20:10:36.0566476Z,,,0
	2026-04-15T20:10:36.1566050Z,Number of files: 865 (reg: 755&comma; dir: 110),,0
	2026-04-15T20:10:36.1898537Z,Number of created files: 0,,0
	2026-04-15T20:10:36.3077307Z,Number of deleted files: 0,,0
	2026-04-15T20:10:36.4080893Z,Number of regular files transferred: 39,,0
	2026-04-15T20:10:36.4306904Z,Total file size: 2.66M bytes,,0
	2026-04-15T20:10:36.4893367Z,Total transferred file size: 86.16K bytes,,0
	2026-04-15T20:10:36.5384680Z,Literal data: 86.16K bytes,,0
	2026-04-15T20:10:36.5894553Z,Matched data: 0 bytes,,0
	2026-04-15T20:10:36.6301384Z,File list size: 0,,0
	2026-04-15T20:10:36.6624332Z,File list generation time: 2.553 seconds,,0
	2026-04-15T20:10:36.7196145Z,File list transfer time: 0.000 seconds,,0
	2026-04-15T20:10:36.7711709Z,Total bytes sent: 43.48K,,0
	2026-04-15T20:10:36.8103596Z,Total bytes received: 3.21K,,0
	2026-04-15T20:10:36.8505354Z,,,0
	2026-04-15T20:10:36.8819731Z,sent 43.48K bytes  received 3.21K bytes  4.91K bytes/sec,,0
	2026-04-15T20:10:36.9119607Z,total size is 2.66M  speedup is 57.04,,0
	2026-04-15T20:10:36.9611411Z,Attempt 1: Rsync for filelist /tmp//splits/split.ah completed with exit code 0,,0
	2026-04-15T20:10:36.9912477Z,,,0
	2026-04-15T20:10:37.0235911Z,Number of files: 902 (reg: 761&comma; dir: 141),,0
	2026-04-15T20:10:37.0833484Z,Number of created files: 0,,0
	2026-04-15T20:10:37.1724003Z,Number of deleted files: 0,,0
	2026-04-15T20:10:37.1922726Z,Number of regular files transferred: 40,,0
	2026-04-15T20:10:37.2130677Z,Total file size: 3.31M bytes,,0
	2026-04-15T20:10:37.2356843Z,Total transferred file size: 391.80K bytes,,0
	2026-04-15T20:10:37.2644259Z,Literal data: 391.80K bytes,,0
	2026-04-15T20:10:37.2950130Z,Matched data: 0 bytes,,0
	2026-04-15T20:10:37.3339226Z,File list size: 0,,0
	2026-04-15T20:10:37.3652454Z,File list generation time: 3.316 seconds,,0
	2026-04-15T20:10:37.4061520Z,File list transfer time: 0.000 seconds,,0
	2026-04-15T20:10:37.4497279Z,Total bytes sent: 84.67K,,0
	2026-04-15T20:10:37.4605461Z,Total bytes received: 3.33K,,0
	2026-04-15T20:10:37.4853056Z,,,0
	2026-04-15T20:10:37.5243904Z,sent 84.67K bytes  received 3.33K bytes  9.26K bytes/sec,,0
	2026-04-15T20:10:37.5562916Z,total size is 3.31M  speedup is 37.64,,0
	2026-04-15T20:10:37.5941467Z,Attempt 1: Rsync for filelist /tmp//splits/split.aa completed with exit code 0,,0
	2026-04-15T20:10:37.6398263Z,Deleting files not present in /tmp/zipdeploy/extracted/ from /home/site/wwwroot/ based on manifest file /home/site/deployments/88323446-731d-4541-9908-347be7b6a47a/manifest,,0
	2026-04-15T20:10:43.4624696Z,Number of files deleted: 0. See /tmp//rsync_deletion_logs.txt for more details.,,0
	2026-04-15T20:10:43.5218691Z,create new manifest file at /home/site/deployments/76debc3b-173c-464b-a9e0-34bd10c8b71c/manifest,,0
	2026-04-15T20:10:43.6121001Z,Completed successfully in 22 seconds,,0
2026-04-15T20:10:43.7351440Z,Running post deployment command(s)...,1f822cfc-9441-4b8d-af46-7cdf62512673,0
2026-04-15T20:10:43.8545981Z,Triggering recycle (preview mode disabled).,6796bb1d-c689-414c-8050-ffa2bd09b1b3,0
2026-04-15T20:10:44.0543170Z,Deployment successful. deployer = GITHUB_ZIP_DEPLOY deploymentPath = ZipDeploy. Extract zip.,b74e0971-eadd-424e-989f-d3787f07d8dc,0
